[ 2016-03-21T11:20:48+08:00 ] ::1 /index.php/Register/%7BU:('Login/index')%7D
ERR: 非法操作:{U:('Login

[ 2016-03-21T11:21:07+08:00 ] ::1 /index.php/Register/%7BU:('Login/index')%7D
ERR: 非法操作:{U:('Login

[ 2016-03-21T11:21:17+08:00 ] ::1 /index.php/Register/%7BU:('Login/index')%7D
ERR: 非法操作:{U:('Login

[ 2016-03-21T13:55:57+08:00 ] ::1 /index.php/Register/Login/index
ERR: 非法操作:Login

[ 2016-03-21T13:56:16+08:00 ] ::1 /index.php/Register/Login/index
ERR: 非法操作:Login

[ 2016-03-21T13:56:17+08:00 ] ::1 /index.php/Register/Login/index
ERR: 非法操作:Login

[ 2016-03-21T13:56:18+08:00 ] ::1 /index.php/Register/Login/index
ERR: 非法操作:Login

[ 2016-03-21T13:56:20+08:00 ] ::1 /index.php/Register/Login/index
ERR: 非法操作:Login

[ 2016-03-21T14:46:30+08:00 ] ::1 /index.php/BlogMainPage/showMainPage
INFO: [ app_init ] --START--
INFO: Run Behavior\BuildLiteBehavior [ RunTime:0.000000s ]
INFO: [ app_init ] --END-- [ RunTime:0.000000s ]
INFO: [ app_begin ] --START--
INFO: Run Behavior\ReadHtmlCacheBehavior [ RunTime:0.000000s ]
INFO: [ app_begin ] --END-- [ RunTime:0.000000s ]
SQL: SHOW COLUMNS FROM `pb_user` [ RunTime:0.0020s ]
SQL: SELECT * FROM `pb_user` WHERE `user_id` = 41 LIMIT 1   [ RunTime:0.0000s ]
SQL: SHOW COLUMNS FROM `pb_article` [ RunTime:0.0020s ]
SQL: SELECT * FROM `pb_article` WHERE `user_id` = 41 ORDER BY article_id desc LIMIT 0,10   [ RunTime:0.0010s ]
INFO: [ view_parse ] --START--
INFO: [ template_filter ] --START--
INFO: Run Behavior\ContentReplaceBehavior [ RunTime:0.001000s ]
INFO: [ template_filter ] --END-- [ RunTime:0.001000s ]
NOTIC: [8] Undefined index: pageModel D:\FlowerBlog\App\Runtime\Cache\Home\50c6a69b823e653b71f9e465788dd5e6.php 第 66 行.
NOTIC: [8] Undefined index: pageModel D:\FlowerBlog\App\Runtime\Cache\Home\50c6a69b823e653b71f9e465788dd5e6.php 第 66 行.
NOTIC: [8] Undefined index: pageModel D:\FlowerBlog\App\Runtime\Cache\Home\50c6a69b823e653b71f9e465788dd5e6.php 第 66 行.
NOTIC: [8] Undefined index: pageModel D:\FlowerBlog\App\Runtime\Cache\Home\50c6a69b823e653b71f9e465788dd5e6.php 第 66 行.
NOTIC: [8] Undefined index: pageModel D:\FlowerBlog\App\Runtime\Cache\Home\50c6a69b823e653b71f9e465788dd5e6.php 第 66 行.
NOTIC: [8] Undefined index: pageModel D:\FlowerBlog\App\Runtime\Cache\Home\50c6a69b823e653b71f9e465788dd5e6.php 第 66 行.
NOTIC: [8] Undefined index: pageModel D:\FlowerBlog\App\Runtime\Cache\Home\50c6a69b823e653b71f9e465788dd5e6.php 第 66 行.
NOTIC: [8] Undefined index: pageModel D:\FlowerBlog\App\Runtime\Cache\Home\50c6a69b823e653b71f9e465788dd5e6.php 第 66 行.
NOTIC: [8] Undefined index: pageModel D:\FlowerBlog\App\Runtime\Cache\Home\50c6a69b823e653b71f9e465788dd5e6.php 第 66 行.
NOTIC: [8] Undefined index: pageModel D:\FlowerBlog\App\Runtime\Cache\Home\50c6a69b823e653b71f9e465788dd5e6.php 第 66 行.
INFO: Run Behavior\ParseTemplateBehavior [ RunTime:0.039002s ]
INFO: [ view_parse ] --END-- [ RunTime:0.039002s ]
INFO: [ view_filter ] --START--
INFO: Run Behavior\WriteHtmlCacheBehavior [ RunTime:0.000000s ]
INFO: [ view_filter ] --END-- [ RunTime:0.000000s ]
INFO: [ app_end ] --START--
INFO: Run Behavior\ShowPageTraceBehavior [ RunTime:0.000000s ]
INFO: [ app_end ] --END-- [ RunTime:0.001001s ]

[ 2016-03-21T14:46:41+08:00 ] ::1 /index.php/BlogMainPage/showCarePersonsBlogs.html
INFO: [ app_init ] --START--
INFO: Run Behavior\BuildLiteBehavior [ RunTime:0.000000s ]
INFO: [ app_init ] --END-- [ RunTime:0.000000s ]
INFO: [ app_begin ] --START--
INFO: Run Behavior\ReadHtmlCacheBehavior [ RunTime:0.001000s ]
INFO: [ app_begin ] --END-- [ RunTime:0.001000s ]
SQL: SHOW COLUMNS FROM `pb_user` [ RunTime:0.0020s ]
SQL: SELECT * FROM `pb_user` WHERE `user_id` = 41 LIMIT 1   [ RunTime:0.0010s ]
SQL: SHOW COLUMNS FROM `pb_article` [ RunTime:0.0020s ]
SQL: SHOW COLUMNS FROM `pb_care` [ RunTime:0.0020s ]
SQL: SELECT `care_user_id` FROM `pb_care` WHERE `user_id` = 41  [ RunTime:0.0000s ]
SQL: SELECT * FROM `pb_article` WHERE `user_id` IN ('39','42','43','44','45','46','47','48','49','50') ORDER BY article_id desc LIMIT 0,10   [ RunTime:0.0000s ]
SQL: SHOW COLUMNS FROM `pb_user` [ RunTime:0.0020s ]
SQL: SELECT * FROM `pb_user` WHERE ( 1=1 AND user_id='39' ) LIMIT 1   [ RunTime:0.0010s ]
SQL: SELECT * FROM `pb_user` WHERE ( 1=1 AND user_id='43' ) LIMIT 1   [ RunTime:0.0000s ]
SQL: SELECT * FROM `pb_user` WHERE ( 1=1 AND user_id='43' ) LIMIT 1   [ RunTime:0.0000s ]
INFO: [ view_parse ] --START--
INFO: [ template_filter ] --START--
INFO: Run Behavior\ContentReplaceBehavior [ RunTime:0.000000s ]
INFO: [ template_filter ] --END-- [ RunTime:0.000000s ]
NOTIC: [8] Undefined index: pageModel D:\FlowerBlog\App\Runtime\Cache\Home\50c6a69b823e653b71f9e465788dd5e6.php 第 66 行.
NOTIC: [8] Undefined index: pageModel D:\FlowerBlog\App\Runtime\Cache\Home\50c6a69b823e653b71f9e465788dd5e6.php 第 66 行.
NOTIC: [8] Undefined index: pageModel D:\FlowerBlog\App\Runtime\Cache\Home\50c6a69b823e653b71f9e465788dd5e6.php 第 66 行.
INFO: Run Behavior\ParseTemplateBehavior [ RunTime:0.028002s ]
INFO: [ view_parse ] --END-- [ RunTime:0.028002s ]
INFO: [ view_filter ] --START--
INFO: Run Behavior\WriteHtmlCacheBehavior [ RunTime:0.001000s ]
INFO: [ view_filter ] --END-- [ RunTime:0.001000s ]
INFO: [ app_end ] --START--
INFO: Run Behavior\ShowPageTraceBehavior [ RunTime:0.001000s ]
INFO: [ app_end ] --END-- [ RunTime:0.001000s ]

[ 2016-03-21T14:46:42+08:00 ] ::1 /index.php/BlogMainPage/showTalks.html
INFO: [ app_init ] --START--
INFO: Run Behavior\BuildLiteBehavior [ RunTime:0.000000s ]
INFO: [ app_init ] --END-- [ RunTime:0.000000s ]
INFO: [ app_begin ] --START--
INFO: Run Behavior\ReadHtmlCacheBehavior [ RunTime:0.000000s ]
INFO: [ app_begin ] --END-- [ RunTime:0.000000s ]
SQL: SHOW COLUMNS FROM `pb_talk` [ RunTime:0.0020s ]
SQL: SELECT COUNT(*) AS tp_count FROM `pb_talk` WHERE `article_id` = 149 LIMIT 1   [ RunTime:0.0020s ]
SQL: SELECT * FROM `pb_talk` WHERE `article_id` = 149 LIMIT 0,20   [ RunTime:0.0010s ]

[ 2016-03-21T14:46:44+08:00 ] ::1 /index.php/BlogMainPage/submitTalk.html
INFO: [ app_init ] --START--
INFO: Run Behavior\BuildLiteBehavior [ RunTime:0.000000s ]
INFO: [ app_init ] --END-- [ RunTime:0.001000s ]
INFO: [ app_begin ] --START--
INFO: Run Behavior\ReadHtmlCacheBehavior [ RunTime:0.001001s ]
INFO: [ app_begin ] --END-- [ RunTime:0.001001s ]
SQL: SHOW COLUMNS FROM `pb_talk` [ RunTime:0.0020s ]
SQL: INSERT INTO `pb_talk` (`article_id`,`user_id`,`user_name`,`talk_content`,`talk_time`) VALUES ('149','41','宇宙天团の狗狗因','feafe','1458542804') [ RunTime:0.0010s ]
INFO: [ app_end ] --START--
INFO: Run Behavior\ShowPageTraceBehavior [ RunTime:0.001000s ]
INFO: [ app_end ] --END-- [ RunTime:0.001000s ]

[ 2016-03-21T14:46:45+08:00 ] ::1 /index.php/BlogMainPage/submitTalk.html
INFO: [ app_init ] --START--
INFO: Run Behavior\BuildLiteBehavior [ RunTime:0.000000s ]
INFO: [ app_init ] --END-- [ RunTime:0.001000s ]
INFO: [ app_begin ] --START--
INFO: Run Behavior\ReadHtmlCacheBehavior [ RunTime:0.000000s ]
INFO: [ app_begin ] --END-- [ RunTime:0.001000s ]
SQL: SHOW COLUMNS FROM `pb_talk` [ RunTime:0.0020s ]
SQL: INSERT INTO `pb_talk` (`article_id`,`user_id`,`user_name`,`talk_content`,`talk_time`) VALUES ('149','41','宇宙天团の狗狗因','feafe','1458542805') [ RunTime:0.0010s ]
INFO: [ app_end ] --START--
INFO: Run Behavior\ShowPageTraceBehavior [ RunTime:0.001000s ]
INFO: [ app_end ] --END-- [ RunTime:0.001000s ]

[ 2016-03-21T14:46:46+08:00 ] ::1 /index.php/BlogMainPage/submitTalk.html
INFO: [ app_init ] --START--
INFO: Run Behavior\BuildLiteBehavior [ RunTime:0.000000s ]
INFO: [ app_init ] --END-- [ RunTime:0.000000s ]
INFO: [ app_begin ] --START--
INFO: Run Behavior\ReadHtmlCacheBehavior [ RunTime:0.000000s ]
INFO: [ app_begin ] --END-- [ RunTime:0.000000s ]
SQL: SHOW COLUMNS FROM `pb_talk` [ RunTime:0.0020s ]
SQL: INSERT INTO `pb_talk` (`article_id`,`user_id`,`user_name`,`talk_content`,`talk_time`) VALUES ('149','41','宇宙天团の狗狗因','feafe','1458542806') [ RunTime:0.0010s ]
INFO: [ app_end ] --START--
INFO: Run Behavior\ShowPageTraceBehavior [ RunTime:0.001000s ]
INFO: [ app_end ] --END-- [ RunTime:0.001000s ]

[ 2016-03-21T14:48:04+08:00 ] ::1 /index.php/BlogMainPage/showCarePersonsBlogs.html
INFO: [ app_init ] --START--
INFO: Run Behavior\BuildLiteBehavior [ RunTime:0.000000s ]
INFO: [ app_init ] --END-- [ RunTime:0.001000s ]
INFO: [ app_begin ] --START--
INFO: Run Behavior\ReadHtmlCacheBehavior [ RunTime:0.001000s ]
INFO: [ app_begin ] --END-- [ RunTime:0.001000s ]
SQL: SHOW COLUMNS FROM `pb_user` [ RunTime:0.0020s ]
SQL: SELECT * FROM `pb_user` WHERE `user_id` = 41 LIMIT 1   [ RunTime:0.0010s ]
SQL: SHOW COLUMNS FROM `pb_article` [ RunTime:0.0020s ]
SQL: SHOW COLUMNS FROM `pb_care` [ RunTime:0.0010s ]
SQL: SELECT `care_user_id` FROM `pb_care` WHERE `user_id` = 41  [ RunTime:0.0000s ]
SQL: SELECT * FROM `pb_article` WHERE `user_id` IN ('39','42','43','44','45','46','47','48','49','50') ORDER BY article_id desc LIMIT 0,10   [ RunTime:0.0000s ]
SQL: SHOW COLUMNS FROM `pb_user` [ RunTime:0.0020s ]
SQL: SELECT * FROM `pb_user` WHERE ( 1=1 AND user_id='39' ) LIMIT 1   [ RunTime:0.0000s ]
SQL: SELECT * FROM `pb_user` WHERE ( 1=1 AND user_id='43' ) LIMIT 1   [ RunTime:0.0000s ]
SQL: SELECT * FROM `pb_user` WHERE ( 1=1 AND user_id='43' ) LIMIT 1   [ RunTime:0.0000s ]
INFO: [ view_parse ] --START--
INFO: [ template_filter ] --START--
INFO: Run Behavior\ContentReplaceBehavior [ RunTime:0.000000s ]
INFO: [ template_filter ] --END-- [ RunTime:0.000000s ]
NOTIC: [8] Undefined index: pageModel D:\FlowerBlog\App\Runtime\Cache\Home\50c6a69b823e653b71f9e465788dd5e6.php 第 66 行.
NOTIC: [8] Undefined index: pageModel D:\FlowerBlog\App\Runtime\Cache\Home\50c6a69b823e653b71f9e465788dd5e6.php 第 66 行.
NOTIC: [8] Undefined index: pageModel D:\FlowerBlog\App\Runtime\Cache\Home\50c6a69b823e653b71f9e465788dd5e6.php 第 66 行.
INFO: Run Behavior\ParseTemplateBehavior [ RunTime:0.029002s ]
INFO: [ view_parse ] --END-- [ RunTime:0.029002s ]
INFO: [ view_filter ] --START--
INFO: Run Behavior\WriteHtmlCacheBehavior [ RunTime:0.000000s ]
INFO: [ view_filter ] --END-- [ RunTime:0.001000s ]
INFO: [ app_end ] --START--
INFO: Run Behavior\ShowPageTraceBehavior [ RunTime:0.001000s ]
INFO: [ app_end ] --END-- [ RunTime:0.001000s ]

[ 2016-03-21T14:48:20+08:00 ] ::1 /index.php/BlogMainPage/showMainPage.html
INFO: [ app_init ] --START--
INFO: Run Behavior\BuildLiteBehavior [ RunTime:0.000000s ]
INFO: [ app_init ] --END-- [ RunTime:0.000000s ]
INFO: [ app_begin ] --START--
INFO: Run Behavior\ReadHtmlCacheBehavior [ RunTime:0.001000s ]
INFO: [ app_begin ] --END-- [ RunTime:0.001000s ]
SQL: SHOW COLUMNS FROM `pb_user` [ RunTime:0.0020s ]
SQL: SELECT * FROM `pb_user` WHERE `user_id` = 41 LIMIT 1   [ RunTime:0.0010s ]
SQL: SHOW COLUMNS FROM `pb_article` [ RunTime:0.0020s ]
SQL: SELECT * FROM `pb_article` WHERE `user_id` = 41 ORDER BY article_id desc LIMIT 0,10   [ RunTime:0.0000s ]
INFO: [ view_parse ] --START--
INFO: [ template_filter ] --START--
INFO: Run Behavior\ContentReplaceBehavior [ RunTime:0.000000s ]
INFO: [ template_filter ] --END-- [ RunTime:0.000000s ]
NOTIC: [8] Undefined index: pageModel D:\FlowerBlog\App\Runtime\Cache\Home\50c6a69b823e653b71f9e465788dd5e6.php 第 66 行.
NOTIC: [8] Undefined index: pageModel D:\FlowerBlog\App\Runtime\Cache\Home\50c6a69b823e653b71f9e465788dd5e6.php 第 66 行.
NOTIC: [8] Undefined index: pageModel D:\FlowerBlog\App\Runtime\Cache\Home\50c6a69b823e653b71f9e465788dd5e6.php 第 66 行.
NOTIC: [8] Undefined index: pageModel D:\FlowerBlog\App\Runtime\Cache\Home\50c6a69b823e653b71f9e465788dd5e6.php 第 66 行.
NOTIC: [8] Undefined index: pageModel D:\FlowerBlog\App\Runtime\Cache\Home\50c6a69b823e653b71f9e465788dd5e6.php 第 66 行.
NOTIC: [8] Undefined index: pageModel D:\FlowerBlog\App\Runtime\Cache\Home\50c6a69b823e653b71f9e465788dd5e6.php 第 66 行.
NOTIC: [8] Undefined index: pageModel D:\FlowerBlog\App\Runtime\Cache\Home\50c6a69b823e653b71f9e465788dd5e6.php 第 66 行.
NOTIC: [8] Undefined index: pageModel D:\FlowerBlog\App\Runtime\Cache\Home\50c6a69b823e653b71f9e465788dd5e6.php 第 66 行.
NOTIC: [8] Undefined index: pageModel D:\FlowerBlog\App\Runtime\Cache\Home\50c6a69b823e653b71f9e465788dd5e6.php 第 66 行.
NOTIC: [8] Undefined index: pageModel D:\FlowerBlog\App\Runtime\Cache\Home\50c6a69b823e653b71f9e465788dd5e6.php 第 66 行.
INFO: Run Behavior\ParseTemplateBehavior [ RunTime:0.038003s ]
INFO: [ view_parse ] --END-- [ RunTime:0.038003s ]
INFO: [ view_filter ] --START--
INFO: Run Behavior\WriteHtmlCacheBehavior [ RunTime:0.001000s ]
INFO: [ view_filter ] --END-- [ RunTime:0.001000s ]
INFO: [ app_end ] --START--
INFO: Run Behavior\ShowPageTraceBehavior [ RunTime:0.001000s ]
INFO: [ app_end ] --END-- [ RunTime:0.001000s ]

[ 2016-03-21T14:49:49+08:00 ] ::1 /index.php/BlogMainPage/showCarePersonsBlogs.html
INFO: [ app_init ] --START--
INFO: Run Behavior\BuildLiteBehavior [ RunTime:0.000000s ]
INFO: [ app_init ] --END-- [ RunTime:0.000000s ]
INFO: [ app_begin ] --START--
INFO: Run Behavior\ReadHtmlCacheBehavior [ RunTime:0.000000s ]
INFO: [ app_begin ] --END-- [ RunTime:0.001000s ]
SQL: SHOW COLUMNS FROM `pb_user` [ RunTime:0.0030s ]
SQL: SELECT * FROM `pb_user` WHERE `user_id` = 41 LIMIT 1   [ RunTime:0.0000s ]
SQL: SHOW COLUMNS FROM `pb_article` [ RunTime:0.0020s ]
SQL: SHOW COLUMNS FROM `pb_care` [ RunTime:0.0020s ]
SQL: SELECT `care_user_id` FROM `pb_care` WHERE `user_id` = 41  [ RunTime:0.0000s ]
SQL: SELECT * FROM `pb_article` WHERE `user_id` IN ('39','42','43','44','45','46','47','48','49','50') ORDER BY article_id desc LIMIT 0,10   [ RunTime:0.0010s ]
SQL: SHOW COLUMNS FROM `pb_user` [ RunTime:0.0020s ]
SQL: SELECT * FROM `pb_user` WHERE ( 1=1 AND user_id='39' ) LIMIT 1   [ RunTime:0.0010s ]
SQL: SELECT * FROM `pb_user` WHERE ( 1=1 AND user_id='43' ) LIMIT 1   [ RunTime:0.0000s ]
SQL: SELECT * FROM `pb_user` WHERE ( 1=1 AND user_id='43' ) LIMIT 1   [ RunTime:0.0000s ]
INFO: [ view_parse ] --START--
INFO: [ template_filter ] --START--
INFO: Run Behavior\ContentReplaceBehavior [ RunTime:0.001000s ]
INFO: [ template_filter ] --END-- [ RunTime:0.001000s ]
NOTIC: [8] Undefined index: pageModel D:\FlowerBlog\App\Runtime\Cache\Home\50c6a69b823e653b71f9e465788dd5e6.php 第 66 行.
NOTIC: [8] Undefined index: pageModel D:\FlowerBlog\App\Runtime\Cache\Home\50c6a69b823e653b71f9e465788dd5e6.php 第 66 行.
NOTIC: [8] Undefined index: pageModel D:\FlowerBlog\App\Runtime\Cache\Home\50c6a69b823e653b71f9e465788dd5e6.php 第 66 行.
INFO: Run Behavior\ParseTemplateBehavior [ RunTime:0.029002s ]
INFO: [ view_parse ] --END-- [ RunTime:0.029002s ]
INFO: [ view_filter ] --START--
INFO: Run Behavior\WriteHtmlCacheBehavior [ RunTime:0.001000s ]
INFO: [ view_filter ] --END-- [ RunTime:0.001000s ]
INFO: [ app_end ] --START--
INFO: Run Behavior\ShowPageTraceBehavior [ RunTime:0.001000s ]
INFO: [ app_end ] --END-- [ RunTime:0.001000s ]

[ 2016-03-21T14:49:51+08:00 ] ::1 /index.php/BlogMainPage/showTalks.html
INFO: [ app_init ] --START--
INFO: Run Behavior\BuildLiteBehavior [ RunTime:0.000000s ]
INFO: [ app_init ] --END-- [ RunTime:0.000000s ]
INFO: [ app_begin ] --START--
INFO: Run Behavior\ReadHtmlCacheBehavior [ RunTime:0.000000s ]
INFO: [ app_begin ] --END-- [ RunTime:0.000000s ]
SQL: SHOW COLUMNS FROM `pb_talk` [ RunTime:0.0020s ]
SQL: SELECT COUNT(*) AS tp_count FROM `pb_talk` WHERE `article_id` = 121 LIMIT 1   [ RunTime:0.0000s ]
SQL: SELECT * FROM `pb_talk` WHERE `article_id` = 121 LIMIT 0,20   [ RunTime:0.0000s ]

[ 2016-03-21T14:49:53+08:00 ] ::1 /index.php/BlogMainPage/showTalks.html
INFO: [ app_init ] --START--
INFO: Run Behavior\BuildLiteBehavior [ RunTime:0.000000s ]
INFO: [ app_init ] --END-- [ RunTime:0.000000s ]
INFO: [ app_begin ] --START--
INFO: Run Behavior\ReadHtmlCacheBehavior [ RunTime:0.000000s ]
INFO: [ app_begin ] --END-- [ RunTime:0.001000s ]
SQL: SHOW COLUMNS FROM `pb_talk` [ RunTime:0.0020s ]
SQL: SELECT COUNT(*) AS tp_count FROM `pb_talk` WHERE `article_id` = 122 LIMIT 1   [ RunTime:0.0000s ]
SQL: SELECT * FROM `pb_talk` WHERE `article_id` = 122 LIMIT 0,20   [ RunTime:0.0000s ]

[ 2016-03-21T14:49:54+08:00 ] ::1 /index.php/OtherPersonPage/agreeBlog.html
INFO: [ app_init ] --START--
INFO: Run Behavior\BuildLiteBehavior [ RunTime:0.001000s ]
INFO: [ app_init ] --END-- [ RunTime:0.001000s ]
INFO: [ app_begin ] --START--
INFO: Run Behavior\ReadHtmlCacheBehavior [ RunTime:0.001000s ]
INFO: [ app_begin ] --END-- [ RunTime:0.001000s ]
SQL: SHOW COLUMNS FROM `pb_agree` [ RunTime:0.0020s ]
SQL: SELECT COUNT(*) AS tp_count FROM `pb_agree` WHERE `article_id` = 149 LIMIT 1   [ RunTime:0.0010s ]
SQL: SHOW COLUMNS FROM `pb_agree` [ RunTime:0.0020s ]
SQL: INSERT INTO `pb_agree` (`user_id`,`article_id`) VALUES ('41','149') [ RunTime:0.0040s ]
SQL: SHOW COLUMNS FROM `pb_article` [ RunTime:0.0020s ]
SQL: UPDATE `pb_article` SET `article_agree`=article_agree+1 WHERE `article_id` = 149 [ RunTime:0.0020s ]

[ 2016-03-21T14:49:56+08:00 ] ::1 /index.php/OtherPersonPage/agreeBlog.html
INFO: [ app_init ] --START--
INFO: Run Behavior\BuildLiteBehavior [ RunTime:0.000000s ]
INFO: [ app_init ] --END-- [ RunTime:0.001000s ]
INFO: [ app_begin ] --START--
INFO: Run Behavior\ReadHtmlCacheBehavior [ RunTime:0.000000s ]
INFO: [ app_begin ] --END-- [ RunTime:0.001000s ]
SQL: SHOW COLUMNS FROM `pb_agree` [ RunTime:0.0030s ]
SQL: SELECT COUNT(*) AS tp_count FROM `pb_agree` WHERE `article_id` = 149 LIMIT 1   [ RunTime:0.0010s ]

[ 2016-03-21T14:49:56+08:00 ] ::1 /index.php/OtherPersonPage/disagreeBlog.html
INFO: [ app_init ] --START--
INFO: Run Behavior\BuildLiteBehavior [ RunTime:0.000000s ]
INFO: [ app_init ] --END-- [ RunTime:0.001000s ]
INFO: [ app_begin ] --START--
INFO: Run Behavior\ReadHtmlCacheBehavior [ RunTime:0.001000s ]
INFO: [ app_begin ] --END-- [ RunTime:0.001000s ]
SQL: SHOW COLUMNS FROM `pb_agree` [ RunTime:0.0020s ]
SQL: SELECT COUNT(*) AS tp_count FROM `pb_agree` WHERE `article_id` = 149 LIMIT 1   [ RunTime:0.0010s ]
SQL: SHOW COLUMNS FROM `pb_agree` [ RunTime:0.0020s ]
NOTIC: [2] Illegal offset type in isset or empty D:\FlowerBlog\ThinkPHP\Library\Think\Model.class.php 第 511 行.
SQL: DELETE FROM `pb_agree` WHERE `user_id` = 41 AND `article_id` = 149 [ RunTime:0.0070s ]
SQL: SHOW COLUMNS FROM `pb_article` [ RunTime:0.0030s ]
SQL: UPDATE `pb_article` SET `article_agree`=article_agree-1 WHERE `article_id` = 149 [ RunTime:0.0010s ]

[ 2016-03-21T14:49:57+08:00 ] ::1 /index.php/BlogMainPage/showCollectionBlogs.html
INFO: [ app_init ] --START--
INFO: Run Behavior\BuildLiteBehavior [ RunTime:0.000000s ]
INFO: [ app_init ] --END-- [ RunTime:0.001000s ]
INFO: [ app_begin ] --START--
INFO: Run Behavior\ReadHtmlCacheBehavior [ RunTime:0.001000s ]
INFO: [ app_begin ] --END-- [ RunTime:0.001000s ]
SQL: SHOW COLUMNS FROM `pb_user` [ RunTime:0.0020s ]
SQL: SELECT * FROM `pb_user` WHERE `user_id` = 41 LIMIT 1   [ RunTime:0.0010s ]
SQL: SHOW COLUMNS FROM `pb_article` [ RunTime:0.0020s ]
SQL: SHOW COLUMNS FROM `pb_collection` [ RunTime:0.0020s ]
SQL: SELECT `article_id` FROM `pb_collection` WHERE `user_id` = 41 ORDER BY article_id desc LIMIT 0,10   [ RunTime:0.0000s ]
SQL: SELECT * FROM `pb_article` WHERE `article_id` IN ('149')  [ RunTime:0.0010s ]
SQL: SHOW COLUMNS FROM `pb_user` [ RunTime:0.0020s ]
SQL: SELECT * FROM `pb_user` WHERE ( 1=1 AND user_id='39' ) LIMIT 1   [ RunTime:0.0000s ]
INFO: [ view_parse ] --START--
INFO: [ template_filter ] --START--
INFO: Run Behavior\ContentReplaceBehavior [ RunTime:0.001000s ]
INFO: [ template_filter ] --END-- [ RunTime:0.001000s ]
NOTIC: [8] Undefined index: pageModel D:\FlowerBlog\App\Runtime\Cache\Home\50c6a69b823e653b71f9e465788dd5e6.php 第 66 行.
INFO: Run Behavior\ParseTemplateBehavior [ RunTime:0.026001s ]
INFO: [ view_parse ] --END-- [ RunTime:0.027001s ]
INFO: [ view_filter ] --START--
INFO: Run Behavior\WriteHtmlCacheBehavior [ RunTime:0.000000s ]
INFO: [ view_filter ] --END-- [ RunTime:0.000000s ]
INFO: [ app_end ] --START--
INFO: Run Behavior\ShowPageTraceBehavior [ RunTime:0.000000s ]
INFO: [ app_end ] --END-- [ RunTime:0.000000s ]

[ 2016-03-21T14:49:58+08:00 ] ::1 /index.php/BlogMainPage/showTalks.html
INFO: [ app_init ] --START--
INFO: Run Behavior\BuildLiteBehavior [ RunTime:0.000000s ]
INFO: [ app_init ] --END-- [ RunTime:0.001000s ]
INFO: [ app_begin ] --START--
INFO: Run Behavior\ReadHtmlCacheBehavior [ RunTime:0.000000s ]
INFO: [ app_begin ] --END-- [ RunTime:0.001000s ]
SQL: SHOW COLUMNS FROM `pb_talk` [ RunTime:0.0030s ]
SQL: SELECT COUNT(*) AS tp_count FROM `pb_talk` WHERE `article_id` = 149 LIMIT 1   [ RunTime:0.0010s ]
SQL: SELECT * FROM `pb_talk` WHERE `article_id` = 149 LIMIT 0,20   [ RunTime:0.0010s ]

[ 2016-03-21T14:49:59+08:00 ] ::1 /index.php/BlogMainPage/showMainPage.html
INFO: [ app_init ] --START--
INFO: Run Behavior\BuildLiteBehavior [ RunTime:0.000000s ]
INFO: [ app_init ] --END-- [ RunTime:0.000000s ]
INFO: [ app_begin ] --START--
INFO: Run Behavior\ReadHtmlCacheBehavior [ RunTime:0.000000s ]
INFO: [ app_begin ] --END-- [ RunTime:0.000000s ]
SQL: SHOW COLUMNS FROM `pb_user` [ RunTime:0.0020s ]
SQL: SELECT * FROM `pb_user` WHERE `user_id` = 41 LIMIT 1   [ RunTime:0.0010s ]
SQL: SHOW COLUMNS FROM `pb_article` [ RunTime:0.0020s ]
SQL: SELECT * FROM `pb_article` WHERE `user_id` = 41 ORDER BY article_id desc LIMIT 0,10   [ RunTime:0.0010s ]
INFO: [ view_parse ] --START--
INFO: [ template_filter ] --START--
INFO: Run Behavior\ContentReplaceBehavior [ RunTime:0.001000s ]
INFO: [ template_filter ] --END-- [ RunTime:0.001000s ]
NOTIC: [8] Undefined index: pageModel D:\FlowerBlog\App\Runtime\Cache\Home\50c6a69b823e653b71f9e465788dd5e6.php 第 66 行.
NOTIC: [8] Undefined index: pageModel D:\FlowerBlog\App\Runtime\Cache\Home\50c6a69b823e653b71f9e465788dd5e6.php 第 66 行.
NOTIC: [8] Undefined index: pageModel D:\FlowerBlog\App\Runtime\Cache\Home\50c6a69b823e653b71f9e465788dd5e6.php 第 66 行.
NOTIC: [8] Undefined index: pageModel D:\FlowerBlog\App\Runtime\Cache\Home\50c6a69b823e653b71f9e465788dd5e6.php 第 66 行.
NOTIC: [8] Undefined index: pageModel D:\FlowerBlog\App\Runtime\Cache\Home\50c6a69b823e653b71f9e465788dd5e6.php 第 66 行.
NOTIC: [8] Undefined index: pageModel D:\FlowerBlog\App\Runtime\Cache\Home\50c6a69b823e653b71f9e465788dd5e6.php 第 66 行.
NOTIC: [8] Undefined index: pageModel D:\FlowerBlog\App\Runtime\Cache\Home\50c6a69b823e653b71f9e465788dd5e6.php 第 66 行.
NOTIC: [8] Undefined index: pageModel D:\FlowerBlog\App\Runtime\Cache\Home\50c6a69b823e653b71f9e465788dd5e6.php 第 66 行.
NOTIC: [8] Undefined index: pageModel D:\FlowerBlog\App\Runtime\Cache\Home\50c6a69b823e653b71f9e465788dd5e6.php 第 66 行.
NOTIC: [8] Undefined index: pageModel D:\FlowerBlog\App\Runtime\Cache\Home\50c6a69b823e653b71f9e465788dd5e6.php 第 66 行.
INFO: Run Behavior\ParseTemplateBehavior [ RunTime:0.039002s ]
INFO: [ view_parse ] --END-- [ RunTime:0.040002s ]
INFO: [ view_filter ] --START--
INFO: Run Behavior\WriteHtmlCacheBehavior [ RunTime:0.000000s ]
INFO: [ view_filter ] --END-- [ RunTime:0.000000s ]
INFO: [ app_end ] --START--
INFO: Run Behavior\ShowPageTraceBehavior [ RunTime:0.001000s ]
INFO: [ app_end ] --END-- [ RunTime:0.001000s ]

[ 2016-03-21T14:50:00+08:00 ] ::1 /index.php/BlogMainPage/showTalks.html
INFO: [ app_init ] --START--
INFO: Run Behavior\BuildLiteBehavior [ RunTime:0.000000s ]
INFO: [ app_init ] --END-- [ RunTime:0.001000s ]
INFO: [ app_begin ] --START--
INFO: Run Behavior\ReadHtmlCacheBehavior [ RunTime:0.000000s ]
INFO: [ app_begin ] --END-- [ RunTime:0.000000s ]
SQL: SHOW COLUMNS FROM `pb_talk` [ RunTime:0.0020s ]
SQL: SELECT COUNT(*) AS tp_count FROM `pb_talk` WHERE `article_id` = 148 LIMIT 1   [ RunTime:0.0010s ]
SQL: SELECT * FROM `pb_talk` WHERE `article_id` = 148 LIMIT 0,20   [ RunTime:0.0000s ]

[ 2016-03-21T14:50:02+08:00 ] ::1 /index.php/BlogMainPage/submitTalk.html
INFO: [ app_init ] --START--
INFO: Run Behavior\BuildLiteBehavior [ RunTime:0.000000s ]
INFO: [ app_init ] --END-- [ RunTime:0.001000s ]
INFO: [ app_begin ] --START--
INFO: Run Behavior\ReadHtmlCacheBehavior [ RunTime:0.001000s ]
INFO: [ app_begin ] --END-- [ RunTime:0.001000s ]
SQL: SHOW COLUMNS FROM `pb_talk` [ RunTime:0.0020s ]
SQL: INSERT INTO `pb_talk` (`article_id`,`user_id`,`user_name`,`talk_content`,`talk_time`) VALUES ('148','41','宇宙天团の狗狗因','123','1458543002') [ RunTime:0.0010s ]
INFO: [ app_end ] --START--
INFO: Run Behavior\ShowPageTraceBehavior [ RunTime:0.001001s ]
INFO: [ app_end ] --END-- [ RunTime:0.001001s ]

[ 2016-03-21T14:50:05+08:00 ] ::1 /index.php/BlogMainPage/submitTalk.html
INFO: [ app_init ] --START--
INFO: Run Behavior\BuildLiteBehavior [ RunTime:0.000000s ]
INFO: [ app_init ] --END-- [ RunTime:0.001000s ]
INFO: [ app_begin ] --START--
INFO: Run Behavior\ReadHtmlCacheBehavior [ RunTime:0.000000s ]
INFO: [ app_begin ] --END-- [ RunTime:0.001000s ]
SQL: SHOW COLUMNS FROM `pb_talk` [ RunTime:0.0030s ]
SQL: INSERT INTO `pb_talk` (`article_id`,`user_id`,`user_name`,`talk_content`,`talk_time`) VALUES ('148','41','宇宙天团の狗狗因','123123','1458543005') [ RunTime:0.0000s ]
INFO: [ app_end ] --START--
INFO: Run Behavior\ShowPageTraceBehavior [ RunTime:0.001000s ]
INFO: [ app_end ] --END-- [ RunTime:0.001000s ]

[ 2016-03-21T14:50:07+08:00 ] ::1 /index.php/BlogMainPage/showMainPage.html
INFO: [ app_init ] --START--
INFO: Run Behavior\BuildLiteBehavior [ RunTime:0.000000s ]
INFO: [ app_init ] --END-- [ RunTime:0.001000s ]
INFO: [ app_begin ] --START--
INFO: Run Behavior\ReadHtmlCacheBehavior [ RunTime:0.001000s ]
INFO: [ app_begin ] --END-- [ RunTime:0.001000s ]
SQL: SHOW COLUMNS FROM `pb_user` [ RunTime:0.0020s ]
SQL: SELECT * FROM `pb_user` WHERE `user_id` = 41 LIMIT 1   [ RunTime:0.0010s ]
SQL: SHOW COLUMNS FROM `pb_article` [ RunTime:0.0020s ]
SQL: SELECT * FROM `pb_article` WHERE `user_id` = 41 ORDER BY article_id desc LIMIT 0,10   [ RunTime:0.0010s ]
INFO: [ view_parse ] --START--
INFO: [ template_filter ] --START--
INFO: Run Behavior\ContentReplaceBehavior [ RunTime:0.000000s ]
INFO: [ template_filter ] --END-- [ RunTime:0.000000s ]
NOTIC: [8] Undefined index: pageModel D:\FlowerBlog\App\Runtime\Cache\Home\50c6a69b823e653b71f9e465788dd5e6.php 第 66 行.
NOTIC: [8] Undefined index: pageModel D:\FlowerBlog\App\Runtime\Cache\Home\50c6a69b823e653b71f9e465788dd5e6.php 第 66 行.
NOTIC: [8] Undefined index: pageModel D:\FlowerBlog\App\Runtime\Cache\Home\50c6a69b823e653b71f9e465788dd5e6.php 第 66 行.
NOTIC: [8] Undefined index: pageModel D:\FlowerBlog\App\Runtime\Cache\Home\50c6a69b823e653b71f9e465788dd5e6.php 第 66 行.
NOTIC: [8] Undefined index: pageModel D:\FlowerBlog\App\Runtime\Cache\Home\50c6a69b823e653b71f9e465788dd5e6.php 第 66 行.
NOTIC: [8] Undefined index: pageModel D:\FlowerBlog\App\Runtime\Cache\Home\50c6a69b823e653b71f9e465788dd5e6.php 第 66 行.
NOTIC: [8] Undefined index: pageModel D:\FlowerBlog\App\Runtime\Cache\Home\50c6a69b823e653b71f9e465788dd5e6.php 第 66 行.
NOTIC: [8] Undefined index: pageModel D:\FlowerBlog\App\Runtime\Cache\Home\50c6a69b823e653b71f9e465788dd5e6.php 第 66 行.
NOTIC: [8] Undefined index: pageModel D:\FlowerBlog\App\Runtime\Cache\Home\50c6a69b823e653b71f9e465788dd5e6.php 第 66 行.
NOTIC: [8] Undefined index: pageModel D:\FlowerBlog\App\Runtime\Cache\Home\50c6a69b823e653b71f9e465788dd5e6.php 第 66 行.
INFO: Run Behavior\ParseTemplateBehavior [ RunTime:0.038002s ]
INFO: [ view_parse ] --END-- [ RunTime:0.039002s ]
INFO: [ view_filter ] --START--
INFO: Run Behavior\WriteHtmlCacheBehavior [ RunTime:0.000000s ]
INFO: [ view_filter ] --END-- [ RunTime:0.000000s ]
INFO: [ app_end ] --START--
INFO: Run Behavior\ShowPageTraceBehavior [ RunTime:0.000000s ]
INFO: [ app_end ] --END-- [ RunTime:0.001000s ]

[ 2016-03-21T14:50:09+08:00 ] ::1 /index.php/OtherPersonPage/agreeBlog.html
INFO: [ app_init ] --START--
INFO: Run Behavior\BuildLiteBehavior [ RunTime:0.000000s ]
INFO: [ app_init ] --END-- [ RunTime:0.000000s ]
INFO: [ app_begin ] --START--
INFO: Run Behavior\ReadHtmlCacheBehavior [ RunTime:0.001000s ]
INFO: [ app_begin ] --END-- [ RunTime:0.001000s ]
SQL: SHOW COLUMNS FROM `pb_agree` [ RunTime:0.0020s ]
SQL: SELECT COUNT(*) AS tp_count FROM `pb_agree` WHERE `article_id` = 148 LIMIT 1   [ RunTime:0.0000s ]
SQL: SHOW COLUMNS FROM `pb_agree` [ RunTime:0.0020s ]
SQL: INSERT INTO `pb_agree` (`user_id`,`article_id`) VALUES ('41','148') [ RunTime:0.0030s ]
SQL: SHOW COLUMNS FROM `pb_article` [ RunTime:0.0020s ]
SQL: UPDATE `pb_article` SET `article_agree`=article_agree+1 WHERE `article_id` = 148 [ RunTime:0.0010s ]

[ 2016-03-21T14:50:10+08:00 ] ::1 /index.php/BlogMainPage/showTalks.html
INFO: [ app_init ] --START--
INFO: Run Behavior\BuildLiteBehavior [ RunTime:0.000000s ]
INFO: [ app_init ] --END-- [ RunTime:0.001000s ]
INFO: [ app_begin ] --START--
INFO: Run Behavior\ReadHtmlCacheBehavior [ RunTime:0.001000s ]
INFO: [ app_begin ] --END-- [ RunTime:0.001000s ]
SQL: SHOW COLUMNS FROM `pb_talk` [ RunTime:0.0020s ]
SQL: SELECT COUNT(*) AS tp_count FROM `pb_talk` WHERE `article_id` = 148 LIMIT 1   [ RunTime:0.0000s ]
SQL: SELECT * FROM `pb_talk` WHERE `article_id` = 148 LIMIT 0,20   [ RunTime:0.0000s ]

[ 2016-03-21T14:50:11+08:00 ] ::1 /index.php/BlogMainPage/showTalks.html
INFO: [ app_init ] --START--
INFO: Run Behavior\BuildLiteBehavior [ RunTime:0.000000s ]
INFO: [ app_init ] --END-- [ RunTime:0.001000s ]
INFO: [ app_begin ] --START--
INFO: Run Behavior\ReadHtmlCacheBehavior [ RunTime:0.000000s ]
INFO: [ app_begin ] --END-- [ RunTime:0.000000s ]
SQL: SHOW COLUMNS FROM `pb_talk` [ RunTime:0.0020s ]
SQL: SELECT COUNT(*) AS tp_count FROM `pb_talk` WHERE `article_id` = 148 LIMIT 1   [ RunTime:0.0000s ]
SQL: SELECT * FROM `pb_talk` WHERE `article_id` = 148 LIMIT 0,20   [ RunTime:0.0000s ]

[ 2016-03-21T14:50:13+08:00 ] ::1 /index.php/BlogMainPage/submitTalk.html
INFO: [ app_init ] --START--
INFO: Run Behavior\BuildLiteBehavior [ RunTime:0.000000s ]
INFO: [ app_init ] --END-- [ RunTime:0.001000s ]
INFO: [ app_begin ] --START--
INFO: Run Behavior\ReadHtmlCacheBehavior [ RunTime:0.001000s ]
INFO: [ app_begin ] --END-- [ RunTime:0.001000s ]
SQL: SHOW COLUMNS FROM `pb_talk` [ RunTime:0.0020s ]
SQL: INSERT INTO `pb_talk` (`article_id`,`user_id`,`user_name`,`talk_content`,`talk_time`) VALUES ('148','41','宇宙天团の狗狗因','123','1458543013') [ RunTime:0.0010s ]
INFO: [ app_end ] --START--
INFO: Run Behavior\ShowPageTraceBehavior [ RunTime:0.000000s ]
INFO: [ app_end ] --END-- [ RunTime:0.001000s ]

[ 2016-03-21T14:51:38+08:00 ] ::1 /index.php/BlogMainPage/showTalks.html
INFO: [ app_init ] --START--
INFO: Run Behavior\BuildLiteBehavior [ RunTime:0.000000s ]
INFO: [ app_init ] --END-- [ RunTime:0.001000s ]
INFO: [ app_begin ] --START--
INFO: Run Behavior\ReadHtmlCacheBehavior [ RunTime:0.000000s ]
INFO: [ app_begin ] --END-- [ RunTime:0.001000s ]
SQL: SHOW COLUMNS FROM `pb_talk` [ RunTime:0.0020s ]
SQL: SELECT COUNT(*) AS tp_count FROM `pb_talk` WHERE `article_id` = 147 LIMIT 1   [ RunTime:0.0000s ]
SQL: SELECT * FROM `pb_talk` WHERE `article_id` = 147 LIMIT 0,20   [ RunTime:0.0000s ]

[ 2016-03-21T14:51:40+08:00 ] ::1 /index.php/BlogMainPage/submitTalk.html
INFO: [ app_init ] --START--
INFO: Run Behavior\BuildLiteBehavior [ RunTime:0.000000s ]
INFO: [ app_init ] --END-- [ RunTime:0.000000s ]
INFO: [ app_begin ] --START--
INFO: Run Behavior\ReadHtmlCacheBehavior [ RunTime:0.001000s ]
INFO: [ app_begin ] --END-- [ RunTime:0.001000s ]
SQL: SHOW COLUMNS FROM `pb_talk` [ RunTime:0.0020s ]
SQL: INSERT INTO `pb_talk` (`article_id`,`user_id`,`user_name`,`talk_content`,`talk_time`) VALUES ('147','41','宇宙天团の狗狗因','123','1458543100') [ RunTime:0.0000s ]
INFO: [ app_end ] --START--
INFO: Run Behavior\ShowPageTraceBehavior [ RunTime:0.000000s ]
INFO: [ app_end ] --END-- [ RunTime:0.001000s ]

[ 2016-03-21T14:52:23+08:00 ] ::1 /index.php/BlogMainPage/showMainPage.html
INFO: [ app_init ] --START--
INFO: Run Behavior\BuildLiteBehavior [ RunTime:0.000000s ]
INFO: [ app_init ] --END-- [ RunTime:0.000000s ]
INFO: [ app_begin ] --START--
INFO: Run Behavior\ReadHtmlCacheBehavior [ RunTime:0.001000s ]
INFO: [ app_begin ] --END-- [ RunTime:0.001000s ]
SQL: SHOW COLUMNS FROM `pb_user` [ RunTime:0.0020s ]
SQL: SELECT * FROM `pb_user` WHERE `user_id` = 41 LIMIT 1   [ RunTime:0.0010s ]
SQL: SHOW COLUMNS FROM `pb_article` [ RunTime:0.0020s ]
SQL: SELECT * FROM `pb_article` WHERE `user_id` = 41 ORDER BY article_id desc LIMIT 0,10   [ RunTime:0.0000s ]
INFO: [ view_parse ] --START--
INFO: [ template_filter ] --START--
INFO: Run Behavior\ContentReplaceBehavior [ RunTime:0.000000s ]
INFO: [ template_filter ] --END-- [ RunTime:0.000000s ]
NOTIC: [8] Undefined index: pageModel D:\FlowerBlog\App\Runtime\Cache\Home\50c6a69b823e653b71f9e465788dd5e6.php 第 66 行.
NOTIC: [8] Undefined index: pageModel D:\FlowerBlog\App\Runtime\Cache\Home\50c6a69b823e653b71f9e465788dd5e6.php 第 66 行.
NOTIC: [8] Undefined index: pageModel D:\FlowerBlog\App\Runtime\Cache\Home\50c6a69b823e653b71f9e465788dd5e6.php 第 66 行.
NOTIC: [8] Undefined index: pageModel D:\FlowerBlog\App\Runtime\Cache\Home\50c6a69b823e653b71f9e465788dd5e6.php 第 66 行.
NOTIC: [8] Undefined index: pageModel D:\FlowerBlog\App\Runtime\Cache\Home\50c6a69b823e653b71f9e465788dd5e6.php 第 66 行.
NOTIC: [8] Undefined index: pageModel D:\FlowerBlog\App\Runtime\Cache\Home\50c6a69b823e653b71f9e465788dd5e6.php 第 66 行.
NOTIC: [8] Undefined index: pageModel D:\FlowerBlog\App\Runtime\Cache\Home\50c6a69b823e653b71f9e465788dd5e6.php 第 66 行.
NOTIC: [8] Undefined index: pageModel D:\FlowerBlog\App\Runtime\Cache\Home\50c6a69b823e653b71f9e465788dd5e6.php 第 66 行.
NOTIC: [8] Undefined index: pageModel D:\FlowerBlog\App\Runtime\Cache\Home\50c6a69b823e653b71f9e465788dd5e6.php 第 66 行.
NOTIC: [8] Undefined index: pageModel D:\FlowerBlog\App\Runtime\Cache\Home\50c6a69b823e653b71f9e465788dd5e6.php 第 66 行.
INFO: Run Behavior\ParseTemplateBehavior [ RunTime:0.039003s ]
INFO: [ view_parse ] --END-- [ RunTime:0.039003s ]
INFO: [ view_filter ] --START--
INFO: Run Behavior\WriteHtmlCacheBehavior [ RunTime:0.001000s ]
INFO: [ view_filter ] --END-- [ RunTime:0.001000s ]
INFO: [ app_end ] --START--
INFO: Run Behavior\ShowPageTraceBehavior [ RunTime:0.001000s ]
INFO: [ app_end ] --END-- [ RunTime:0.001000s ]

[ 2016-03-21T14:52:24+08:00 ] ::1 /index.php/BlogMainPage/showTalks.html
INFO: [ app_init ] --START--
INFO: Run Behavior\BuildLiteBehavior [ RunTime:0.000000s ]
INFO: [ app_init ] --END-- [ RunTime:0.002000s ]
INFO: [ app_begin ] --START--
INFO: Run Behavior\ReadHtmlCacheBehavior [ RunTime:0.000000s ]
INFO: [ app_begin ] --END-- [ RunTime:0.000000s ]
SQL: SHOW COLUMNS FROM `pb_talk` [ RunTime:0.0020s ]
SQL: SELECT COUNT(*) AS tp_count FROM `pb_talk` WHERE `article_id` = 144 LIMIT 1   [ RunTime:0.0010s ]
SQL: SELECT * FROM `pb_talk` WHERE `article_id` = 144 LIMIT 0,20   [ RunTime:0.0000s ]

[ 2016-03-21T14:52:25+08:00 ] ::1 /index.php/BlogMainPage/submitTalk.html
INFO: [ app_init ] --START--
INFO: Run Behavior\BuildLiteBehavior [ RunTime:0.000000s ]
INFO: [ app_init ] --END-- [ RunTime:0.001000s ]
INFO: [ app_begin ] --START--
INFO: Run Behavior\ReadHtmlCacheBehavior [ RunTime:0.000000s ]
INFO: [ app_begin ] --END-- [ RunTime:0.001000s ]
SQL: SHOW COLUMNS FROM `pb_talk` [ RunTime:0.0020s ]
SQL: INSERT INTO `pb_talk` (`article_id`,`user_id`,`user_name`,`talk_content`,`talk_time`) VALUES ('144','41','宇宙天团の狗狗因','123','1458543145') [ RunTime:0.0010s ]
INFO: [ app_end ] --START--
INFO: Run Behavior\ShowPageTraceBehavior [ RunTime:0.001000s ]
INFO: [ app_end ] --END-- [ RunTime:0.001000s ]

[ 2016-03-21T14:52:28+08:00 ] ::1 /index.php/BlogMainPage/showMainPage.html
INFO: [ app_init ] --START--
INFO: Run Behavior\BuildLiteBehavior [ RunTime:0.001000s ]
INFO: [ app_init ] --END-- [ RunTime:0.001000s ]
INFO: [ app_begin ] --START--
INFO: Run Behavior\ReadHtmlCacheBehavior [ RunTime:0.001000s ]
INFO: [ app_begin ] --END-- [ RunTime:0.001000s ]
SQL: SHOW COLUMNS FROM `pb_user` [ RunTime:0.0020s ]
SQL: SELECT * FROM `pb_user` WHERE `user_id` = 41 LIMIT 1   [ RunTime:0.0000s ]
SQL: SHOW COLUMNS FROM `pb_article` [ RunTime:0.0020s ]
SQL: SELECT * FROM `pb_article` WHERE `user_id` = 41 ORDER BY article_id desc LIMIT 0,10   [ RunTime:0.0010s ]
INFO: [ view_parse ] --START--
INFO: [ template_filter ] --START--
INFO: Run Behavior\ContentReplaceBehavior [ RunTime:0.000000s ]
INFO: [ template_filter ] --END-- [ RunTime:0.001001s ]
NOTIC: [8] Undefined index: pageModel D:\FlowerBlog\App\Runtime\Cache\Home\50c6a69b823e653b71f9e465788dd5e6.php 第 66 行.
NOTIC: [8] Undefined index: pageModel D:\FlowerBlog\App\Runtime\Cache\Home\50c6a69b823e653b71f9e465788dd5e6.php 第 66 行.
NOTIC: [8] Undefined index: pageModel D:\FlowerBlog\App\Runtime\Cache\Home\50c6a69b823e653b71f9e465788dd5e6.php 第 66 行.
NOTIC: [8] Undefined index: pageModel D:\FlowerBlog\App\Runtime\Cache\Home\50c6a69b823e653b71f9e465788dd5e6.php 第 66 行.
NOTIC: [8] Undefined index: pageModel D:\FlowerBlog\App\Runtime\Cache\Home\50c6a69b823e653b71f9e465788dd5e6.php 第 66 行.
NOTIC: [8] Undefined index: pageModel D:\FlowerBlog\App\Runtime\Cache\Home\50c6a69b823e653b71f9e465788dd5e6.php 第 66 行.
NOTIC: [8] Undefined index: pageModel D:\FlowerBlog\App\Runtime\Cache\Home\50c6a69b823e653b71f9e465788dd5e6.php 第 66 行.
NOTIC: [8] Undefined index: pageModel D:\FlowerBlog\App\Runtime\Cache\Home\50c6a69b823e653b71f9e465788dd5e6.php 第 66 行.
NOTIC: [8] Undefined index: pageModel D:\FlowerBlog\App\Runtime\Cache\Home\50c6a69b823e653b71f9e465788dd5e6.php 第 66 行.
NOTIC: [8] Undefined index: pageModel D:\FlowerBlog\App\Runtime\Cache\Home\50c6a69b823e653b71f9e465788dd5e6.php 第 66 行.
INFO: Run Behavior\ParseTemplateBehavior [ RunTime:0.040002s ]
INFO: [ view_parse ] --END-- [ RunTime:0.040002s ]
INFO: [ view_filter ] --START--
INFO: Run Behavior\WriteHtmlCacheBehavior [ RunTime:0.001000s ]
INFO: [ view_filter ] --END-- [ RunTime:0.001000s ]
INFO: [ app_end ] --START--
INFO: Run Behavior\ShowPageTraceBehavior [ RunTime:0.001000s ]
INFO: [ app_end ] --END-- [ RunTime:0.001000s ]

[ 2016-03-21T14:52:29+08:00 ] ::1 /index.php/BlogMainPage/showTalks.html
INFO: [ app_init ] --START--
INFO: Run Behavior\BuildLiteBehavior [ RunTime:0.000000s ]
INFO: [ app_init ] --END-- [ RunTime:0.000000s ]
INFO: [ app_begin ] --START--
INFO: Run Behavior\ReadHtmlCacheBehavior [ RunTime:0.001000s ]
INFO: [ app_begin ] --END-- [ RunTime:0.002000s ]
SQL: SHOW COLUMNS FROM `pb_talk` [ RunTime:0.0020s ]
SQL: SELECT COUNT(*) AS tp_count FROM `pb_talk` WHERE `article_id` = 144 LIMIT 1   [ RunTime:0.0000s ]
SQL: SELECT * FROM `pb_talk` WHERE `article_id` = 144 LIMIT 0,20   [ RunTime:0.0000s ]

[ 2016-03-21T14:52:33+08:00 ] ::1 /index.php/BlogMainPage/showTalks.html
INFO: [ app_init ] --START--
INFO: Run Behavior\BuildLiteBehavior [ RunTime:0.000000s ]
INFO: [ app_init ] --END-- [ RunTime:0.001000s ]
INFO: [ app_begin ] --START--
INFO: Run Behavior\ReadHtmlCacheBehavior [ RunTime:0.001000s ]
INFO: [ app_begin ] --END-- [ RunTime:0.001000s ]
SQL: SHOW COLUMNS FROM `pb_talk` [ RunTime:0.0020s ]
SQL: SELECT COUNT(*) AS tp_count FROM `pb_talk` WHERE `article_id` = 144 LIMIT 1   [ RunTime:0.0000s ]
SQL: SELECT * FROM `pb_talk` WHERE `article_id` = 144 LIMIT 0,20   [ RunTime:0.0000s ]

[ 2016-03-21T14:52:40+08:00 ] ::1 /index.php/BlogMainPage/showTalks.html
INFO: [ app_init ] --START--
INFO: Run Behavior\BuildLiteBehavior [ RunTime:0.000000s ]
INFO: [ app_init ] --END-- [ RunTime:0.001000s ]
INFO: [ app_begin ] --START--
INFO: Run Behavior\ReadHtmlCacheBehavior [ RunTime:0.000000s ]
INFO: [ app_begin ] --END-- [ RunTime:0.001000s ]
SQL: SHOW COLUMNS FROM `pb_talk` [ RunTime:0.0020s ]
SQL: SELECT COUNT(*) AS tp_count FROM `pb_talk` WHERE `article_id` = 144 LIMIT 1   [ RunTime:0.0000s ]
SQL: SELECT * FROM `pb_talk` WHERE `article_id` = 144 LIMIT 0,20   [ RunTime:0.0000s ]

[ 2016-03-21T14:52:40+08:00 ] ::1 /index.php/BlogMainPage/showTalks.html
INFO: [ app_init ] --START--
INFO: Run Behavior\BuildLiteBehavior [ RunTime:0.000000s ]
INFO: [ app_init ] --END-- [ RunTime:0.000000s ]
INFO: [ app_begin ] --START--
INFO: Run Behavior\ReadHtmlCacheBehavior [ RunTime:0.000000s ]
INFO: [ app_begin ] --END-- [ RunTime:0.000000s ]
SQL: SHOW COLUMNS FROM `pb_talk` [ RunTime:0.0020s ]
SQL: SELECT COUNT(*) AS tp_count FROM `pb_talk` WHERE `article_id` = 144 LIMIT 1   [ RunTime:0.0000s ]
SQL: SELECT * FROM `pb_talk` WHERE `article_id` = 144 LIMIT 0,20   [ RunTime:0.0000s ]

[ 2016-03-21T14:52:41+08:00 ] ::1 /index.php/BlogMainPage/showTalks.html
INFO: [ app_init ] --START--
INFO: Run Behavior\BuildLiteBehavior [ RunTime:0.000000s ]
INFO: [ app_init ] --END-- [ RunTime:0.001000s ]
INFO: [ app_begin ] --START--
INFO: Run Behavior\ReadHtmlCacheBehavior [ RunTime:0.001000s ]
INFO: [ app_begin ] --END-- [ RunTime:0.001000s ]
SQL: SHOW COLUMNS FROM `pb_talk` [ RunTime:0.0020s ]
SQL: SELECT COUNT(*) AS tp_count FROM `pb_talk` WHERE `article_id` = 144 LIMIT 1   [ RunTime:0.0000s ]
SQL: SELECT * FROM `pb_talk` WHERE `article_id` = 144 LIMIT 0,20   [ RunTime:0.0000s ]

[ 2016-03-21T14:52:42+08:00 ] ::1 /index.php/BlogMainPage/showTalks.html
INFO: [ app_init ] --START--
INFO: Run Behavior\BuildLiteBehavior [ RunTime:0.000000s ]
INFO: [ app_init ] --END-- [ RunTime:0.001000s ]
INFO: [ app_begin ] --START--
INFO: Run Behavior\ReadHtmlCacheBehavior [ RunTime:0.000000s ]
INFO: [ app_begin ] --END-- [ RunTime:0.000000s ]
SQL: SHOW COLUMNS FROM `pb_talk` [ RunTime:0.0020s ]
SQL: SELECT COUNT(*) AS tp_count FROM `pb_talk` WHERE `article_id` = 144 LIMIT 1   [ RunTime:0.0010s ]
SQL: SELECT * FROM `pb_talk` WHERE `article_id` = 144 LIMIT 0,20   [ RunTime:0.0000s ]

[ 2016-03-21T14:52:44+08:00 ] ::1 /index.php/BlogMainPage/showTalks.html
INFO: [ app_init ] --START--
INFO: Run Behavior\BuildLiteBehavior [ RunTime:0.000000s ]
INFO: [ app_init ] --END-- [ RunTime:0.000000s ]
INFO: [ app_begin ] --START--
INFO: Run Behavior\ReadHtmlCacheBehavior [ RunTime:0.001000s ]
INFO: [ app_begin ] --END-- [ RunTime:0.001000s ]
SQL: SHOW COLUMNS FROM `pb_talk` [ RunTime:0.0020s ]
SQL: SELECT COUNT(*) AS tp_count FROM `pb_talk` WHERE `article_id` = 144 LIMIT 1   [ RunTime:0.0000s ]
SQL: SELECT * FROM `pb_talk` WHERE `article_id` = 144 LIMIT 0,20   [ RunTime:0.0000s ]

[ 2016-03-21T14:52:45+08:00 ] ::1 /index.php/BlogMainPage/showTalks.html
INFO: [ app_init ] --START--
INFO: Run Behavior\BuildLiteBehavior [ RunTime:0.000000s ]
INFO: [ app_init ] --END-- [ RunTime:0.001000s ]
INFO: [ app_begin ] --START--
INFO: Run Behavior\ReadHtmlCacheBehavior [ RunTime:0.000000s ]
INFO: [ app_begin ] --END-- [ RunTime:0.001000s ]
SQL: SHOW COLUMNS FROM `pb_talk` [ RunTime:0.0020s ]
SQL: SELECT COUNT(*) AS tp_count FROM `pb_talk` WHERE `article_id` = 144 LIMIT 1   [ RunTime:0.0010s ]
SQL: SELECT * FROM `pb_talk` WHERE `article_id` = 144 LIMIT 0,20   [ RunTime:0.0010s ]

