[ 2016-03-19T13:00:59+08:00 ] ::1 /index.php/BlogMainPage/showCollectionBlogs.html
ERR: 1146:Table 'pandablog.pb_dept' doesn't exist
 [ SQL语句 ] : SHOW COLUMNS FROM `pb_dept`

[ 2016-03-19T13:01:26+08:00 ] ::1 /index.php/BlogMainPage/showCollectionBlogs.html
ERR: 1146:Table 'pandablog.pb_dept' doesn't exist
 [ SQL语句 ] : SHOW COLUMNS FROM `pb_dept`

[ 2016-03-19T13:01:28+08:00 ] ::1 /index.php/BlogMainPage/showCollectionBlogs.html
ERR: 1146:Table 'pandablog.pb_dept' doesn't exist
 [ SQL语句 ] : SHOW COLUMNS FROM `pb_dept`

[ 2016-03-19T13:01:54+08:00 ] ::1 /index.php/BlogMainPage/showCollectionBlogs.html
ERR: 1146:Table 'pandablog.pb_dept' doesn't exist
 [ SQL语句 ] : SHOW COLUMNS FROM `pb_dept`

[ 2016-03-19T13:01:55+08:00 ] ::1 /index.php/BlogMainPage/showCollectionBlogs.html
ERR: 1146:Table 'pandablog.pb_dept' doesn't exist
 [ SQL语句 ] : SHOW COLUMNS FROM `pb_dept`

[ 2016-03-19T13:04:05+08:00 ] ::1 /index.php/BlogMainPage/showCollectionBlogs.html
ERR: 1054:Unknown column 'article_id' in 'where clause'
 [ SQL语句 ] : SELECT * FROM `pb_user` WHERE ( 1=1 AND article_id='148' ) LIMIT 1  

[ 2016-03-19T13:04:06+08:00 ] ::1 /index.php/BlogMainPage/showCollectionBlogs.html
ERR: 1054:Unknown column 'article_id' in 'where clause'
 [ SQL语句 ] : SELECT * FROM `pb_user` WHERE ( 1=1 AND article_id='148' ) LIMIT 1  

[ 2016-03-19T13:14:59+08:00 ] ::1 /index.php/BlogMainPage/showCollectionBlogs.html
ERR: 1146:Table 'pandablog.pb_yes' doesn't exist
 [ SQL语句 ] : SHOW COLUMNS FROM `pb_yes`

[ 2016-03-19T13:15:08+08:00 ] ::1 /index.php/BlogMainPage/showCollectionBlogs.html
ERR: 1146:Table 'pandablog.pb_user_name' doesn't exist
 [ SQL语句 ] : SHOW COLUMNS FROM `pb_user_name`

[ 2016-03-19T13:15:39+08:00 ] ::1 /index.php/BlogMainPage/showCollectionBlogs.html
ERR: 1054:Unknown column 'Array' in 'where clause'
 [ SQL语句 ] : SELECT * FROM `pb_collection` WHERE ( 1=1 AND Array='41' ) LIMIT 1  

[ 2016-03-19T15:48:28+08:00 ] ::1 /Login/index.php/BlogMainPage/showMainPage
ERR: 非法操作:index.php

[ 2016-03-19T19:47:06+08:00 ] ::1 /index.php/BlogMainPage/[object%20Object]
ERR: 非法操作:[object Object]

[ 2016-03-19T20:00:50+08:00 ] ::1 /index.php/BlogMainPage/[object%20Object]
ERR: 非法操作:[object Object]

[ 2016-03-19T20:01:21+08:00 ] ::1 /index.php/BlogMainPage/[object%20Object]
ERR: 非法操作:[object Object]

[ 2016-03-19T20:01:22+08:00 ] ::1 /index.php/BlogMainPage/[object%20Object]
ERR: 非法操作:[object Object]

[ 2016-03-19T20:01:23+08:00 ] ::1 /index.php/BlogMainPage/[object%20Object]
ERR: 非法操作:[object Object]

[ 2016-03-19T20:01:40+08:00 ] ::1 /index.php/BlogMainPage/[object%20Object]
ERR: 非法操作:[object Object]

[ 2016-03-19T20:01:55+08:00 ] ::1 /index.php/BlogMainPage/[object%20Object]
ERR: 非法操作:[object Object]

[ 2016-03-19T20:02:12+08:00 ] ::1 /index.php/BlogMainPage/[object%20Object]
ERR: 非法操作:[object Object]

[ 2016-03-19T20:03:09+08:00 ] ::1 /index.php/BlogMainPage/[object%20Object]
ERR: 非法操作:[object Object]

[ 2016-03-19T20:04:52+08:00 ] ::1 /index.php/BlogMainPage/[object%20Object]
ERR: 非法操作:[object Object]

[ 2016-03-19T20:19:51+08:00 ] ::1 /index.php/BlogMainPage/submitTalk.html
ERR: 1146:Table 'pandablog.pb_submit_talk' doesn't exist
 [ SQL语句 ] : SHOW COLUMNS FROM `pb_submit_talk`

[ 2016-03-19T20:20:38+08:00 ] ::1 /index.php/BlogMainPage/submitTalk.html
ERR: 1062:Duplicate entry '0' for key 'PRIMARY'
 [ SQL语句 ] : INSERT INTO `pb_talk` (`article_id`,`user_id`,`user_name`,`talk_content`,`talk_time`) VALUES ('149','41','宇宙天团の狗狗因','121111','1458390038')

[ 2016-03-19T20:21:59+08:00 ] ::1 /index.php/BlogMainPage/submitTalk.html
ERR: 1062:Duplicate entry '0' for key 'PRIMARY'
 [ SQL语句 ] : INSERT INTO `pb_talk` (`article_id`,`user_id`,`user_name`,`talk_content`,`talk_time`) VALUES ('149','41','宇宙天团の狗狗因','uuyutyu','1458390119')

[ 2016-03-19T20:45:03+08:00 ] ::1 /index.php/BlogMainPage/showTalks.html
ERR: 1048:Column 'article_id' cannot be null
 [ SQL语句 ] : INSERT INTO `pb_talk` (`article_id`,`user_id`,`user_name`,`talk_content`,`talk_time`) VALUES (NULL,'0','20','149','1458391503')

